Determining if the pthread_create exist failed with the following output:
Change Dir: /home/les-06/Documentos/odvbsn/libbsn/cmake.Modules/CMakeFiles/CMakeTmp

Run Build Command:"/usr/bin/make" "cmTC_b93df/fast"
/usr/bin/make -f CMakeFiles/cmTC_b93df.dir/build.make CMakeFiles/cmTC_b93df.dir/build
make[1]: Entering directory '/home/les-06/Documentos/odvbsn/libbsn/cmake.Modules/CMakeFiles/CMakeTmp'
Building C object CMakeFiles/cmTC_b93df.dir/CheckSymbolExists.c.o
/usr/bin/cc   -fPIC -Wno-error=deprecated-declarations    -o CMakeFiles/cmTC_b93df.dir/CheckSymbolExists.c.o   -c /home/les-06/Documentos/odvbsn/libbsn/cmake.Modules/CMakeFiles/CMakeTmp/CheckSymbolExists.c
Linking C executable cmTC_b93df
/usr/bin/cmake -E cmake_link_script CMakeFiles/cmTC_b93df.dir/link.txt --verbose=1
/usr/bin/cc  -fPIC -Wno-error=deprecated-declarations     -rdynamic CMakeFiles/cmTC_b93df.dir/CheckSymbolExists.c.o  -o cmTC_b93df 
CMakeFiles/cmTC_b93df.dir/CheckSymbolExists.c.o: Na função "main":
CheckSymbolExists.c:(.text+0x1b): referência não definida para "pthread_create"
collect2: error: ld returned 1 exit status
CMakeFiles/cmTC_b93df.dir/build.make:97: recipe for target 'cmTC_b93df' failed
make[1]: *** [cmTC_b93df] Error 1
make[1]: Leaving directory '/home/les-06/Documentos/odvbsn/libbsn/cmake.Modules/CMakeFiles/CMakeTmp'
Makefile:126: recipe for target 'cmTC_b93df/fast' failed
make: *** [cmTC_b93df/fast] Error 2

File /home/les-06/Documentos/odvbsn/libbsn/cmake.Modules/CMakeFiles/CMakeTmp/CheckSymbolExists.c:
/* */
#include <pthread.h>

int main(int argc, char** argv)
{
  (void)argv;
#ifndef pthread_create
  return ((int*)(&pthread_create))[argc];
#else
  (void)argc;
  return 0;
#endif
}

Determining if the function pthread_create exists in the pthreads failed with the following output:
Change Dir: /home/les-06/Documentos/odvbsn/libbsn/cmake.Modules/CMakeFiles/CMakeTmp

Run Build Command:"/usr/bin/make" "cmTC_8893d/fast"
/usr/bin/make -f CMakeFiles/cmTC_8893d.dir/build.make CMakeFiles/cmTC_8893d.dir/build
make[1]: Entering directory '/home/les-06/Documentos/odvbsn/libbsn/cmake.Modules/CMakeFiles/CMakeTmp'
Building C object CMakeFiles/cmTC_8893d.dir/CheckFunctionExists.c.o
/usr/bin/cc   -fPIC -Wno-error=deprecated-declarations -DCHECK_FUNCTION_EXISTS=pthread_create   -o CMakeFiles/cmTC_8893d.dir/CheckFunctionExists.c.o   -c /usr/share/cmake-3.10/Modules/CheckFunctionExists.c
Linking C executable cmTC_8893d
/usr/bin/cmake -E cmake_link_script CMakeFiles/cmTC_8893d.dir/link.txt --verbose=1
/usr/bin/cc  -fPIC -Wno-error=deprecated-declarations -DCHECK_FUNCTION_EXISTS=pthread_create    -rdynamic CMakeFiles/cmTC_8893d.dir/CheckFunctionExists.c.o  -o cmTC_8893d -lpthreads 
/usr/bin/ld: não foi possível localizar -lpthreads
collect2: error: ld returned 1 exit status
CMakeFiles/cmTC_8893d.dir/build.make:97: recipe for target 'cmTC_8893d' failed
make[1]: *** [cmTC_8893d] Error 1
make[1]: Leaving directory '/home/les-06/Documentos/odvbsn/libbsn/cmake.Modules/CMakeFiles/CMakeTmp'
Makefile:126: recipe for target 'cmTC_8893d/fast' failed
make: *** [cmTC_8893d/fast] Error 2


