Determining if the pthread_create exist failed with the following output:
Change Dir: /home/rdiniz/Projects/ALASimulator/odsupercomponent/build/CMakeFiles/CMakeTmp

Run Build Command:"/usr/bin/make" "cmTC_21114/fast"
/usr/bin/make -f CMakeFiles/cmTC_21114.dir/build.make CMakeFiles/cmTC_21114.dir/build
make[1]: Entering directory '/home/rdiniz/Projects/ALASimulator/odsupercomponent/build/CMakeFiles/CMakeTmp'
Building C object CMakeFiles/cmTC_21114.dir/CheckSymbolExists.c.o
/usr/bin/cc    -fPIC -Wno-error=deprecated-declarations    -o CMakeFiles/cmTC_21114.dir/CheckSymbolExists.c.o   -c /home/rdiniz/Projects/ALASimulator/odsupercomponent/build/CMakeFiles/CMakeTmp/CheckSymbolExists.c
Linking C executable cmTC_21114
/usr/bin/cmake -E cmake_link_script CMakeFiles/cmTC_21114.dir/link.txt --verbose=1
/usr/bin/cc   -fPIC -Wno-error=deprecated-declarations     CMakeFiles/cmTC_21114.dir/CheckSymbolExists.c.o  -o cmTC_21114 -rdynamic 
CMakeFiles/cmTC_21114.dir/CheckSymbolExists.c.o: In function `main':
CheckSymbolExists.c:(.text+0x1b): undefined reference to `pthread_create'
collect2: error: ld returned 1 exit status
CMakeFiles/cmTC_21114.dir/build.make:97: recipe for target 'cmTC_21114' failed
make[1]: *** [cmTC_21114] Error 1
make[1]: Leaving directory '/home/rdiniz/Projects/ALASimulator/odsupercomponent/build/CMakeFiles/CMakeTmp'
Makefile:126: recipe for target 'cmTC_21114/fast' failed
make: *** [cmTC_21114/fast] Error 2

File /home/rdiniz/Projects/ALASimulator/odsupercomponent/build/CMakeFiles/CMakeTmp/CheckSymbolExists.c:
/* */
#include <pthread.h>

int main(int argc, char** argv)
{
  (void)argv;
#ifndef pthread_create
  return ((int*)(&pthread_create))[argc];
#else
  (void)argc;
  return 0;
#endif
}

Determining if the function pthread_create exists in the pthreads failed with the following output:
Change Dir: /home/rdiniz/Projects/ALASimulator/odsupercomponent/build/CMakeFiles/CMakeTmp

Run Build Command:"/usr/bin/make" "cmTC_94ccd/fast"
/usr/bin/make -f CMakeFiles/cmTC_94ccd.dir/build.make CMakeFiles/cmTC_94ccd.dir/build
make[1]: Entering directory '/home/rdiniz/Projects/ALASimulator/odsupercomponent/build/CMakeFiles/CMakeTmp'
Building C object CMakeFiles/cmTC_94ccd.dir/CheckFunctionExists.c.o
/usr/bin/cc    -fPIC -Wno-error=deprecated-declarations -DCHECK_FUNCTION_EXISTS=pthread_create   -o CMakeFiles/cmTC_94ccd.dir/CheckFunctionExists.c.o   -c /usr/share/cmake-3.5/Modules/CheckFunctionExists.c
Linking C executable cmTC_94ccd
/usr/bin/cmake -E cmake_link_script CMakeFiles/cmTC_94ccd.dir/link.txt --verbose=1
/usr/bin/cc   -fPIC -Wno-error=deprecated-declarations -DCHECK_FUNCTION_EXISTS=pthread_create    CMakeFiles/cmTC_94ccd.dir/CheckFunctionExists.c.o  -o cmTC_94ccd -rdynamic -lpthreads 
/usr/bin/ld: cannot find -lpthreads
collect2: error: ld returned 1 exit status
CMakeFiles/cmTC_94ccd.dir/build.make:97: recipe for target 'cmTC_94ccd' failed
make[1]: *** [cmTC_94ccd] Error 1
make[1]: Leaving directory '/home/rdiniz/Projects/ALASimulator/odsupercomponent/build/CMakeFiles/CMakeTmp'
Makefile:126: recipe for target 'cmTC_94ccd/fast' failed
make: *** [cmTC_94ccd/fast] Error 2


