Determining if the pthread_create exist failed with the following output:
Change Dir: /home/rdiniz/Projects/OpenBASN/bodyhub/build/CMakeFiles/CMakeTmp

Run Build Command:"/usr/bin/make" "cmTC_2e815/fast"
/usr/bin/make -f CMakeFiles/cmTC_2e815.dir/build.make CMakeFiles/cmTC_2e815.dir/build
make[1]: Entering directory '/home/rdiniz/Projects/OpenBASN/bodyhub/build/CMakeFiles/CMakeTmp'
Building C object CMakeFiles/cmTC_2e815.dir/CheckSymbolExists.c.o
/usr/bin/cc    -fPIC -Wno-error=deprecated-declarations    -o CMakeFiles/cmTC_2e815.dir/CheckSymbolExists.c.o   -c /home/rdiniz/Projects/OpenBASN/bodyhub/build/CMakeFiles/CMakeTmp/CheckSymbolExists.c
Linking C executable cmTC_2e815
/usr/bin/cmake -E cmake_link_script CMakeFiles/cmTC_2e815.dir/link.txt --verbose=1
/usr/bin/cc   -fPIC -Wno-error=deprecated-declarations     CMakeFiles/cmTC_2e815.dir/CheckSymbolExists.c.o  -o cmTC_2e815 -rdynamic 
CMakeFiles/cmTC_2e815.dir/CheckSymbolExists.c.o: In function `main':
CheckSymbolExists.c:(.text+0x1b): undefined reference to `pthread_create'
collect2: error: ld returned 1 exit status
CMakeFiles/cmTC_2e815.dir/build.make:97: recipe for target 'cmTC_2e815' failed
make[1]: *** [cmTC_2e815] Error 1
make[1]: Leaving directory '/home/rdiniz/Projects/OpenBASN/bodyhub/build/CMakeFiles/CMakeTmp'
Makefile:126: recipe for target 'cmTC_2e815/fast' failed
make: *** [cmTC_2e815/fast] Error 2

File /home/rdiniz/Projects/OpenBASN/bodyhub/build/CMakeFiles/CMakeTmp/CheckSymbolExists.c:
/* */
#include <pthread.h>

int main(int argc, char** argv)
{
  (void)argv;
#ifndef pthread_create
  return ((int*)(&pthread_create))[argc];
#else
  (void)argc;
  return 0;
#endif
}

Determining if the function pthread_create exists in the pthreads failed with the following output:
Change Dir: /home/rdiniz/Projects/OpenBASN/bodyhub/build/CMakeFiles/CMakeTmp

Run Build Command:"/usr/bin/make" "cmTC_5c5cc/fast"
/usr/bin/make -f CMakeFiles/cmTC_5c5cc.dir/build.make CMakeFiles/cmTC_5c5cc.dir/build
make[1]: Entering directory '/home/rdiniz/Projects/OpenBASN/bodyhub/build/CMakeFiles/CMakeTmp'
Building C object CMakeFiles/cmTC_5c5cc.dir/CheckFunctionExists.c.o
/usr/bin/cc    -fPIC -Wno-error=deprecated-declarations -DCHECK_FUNCTION_EXISTS=pthread_create   -o CMakeFiles/cmTC_5c5cc.dir/CheckFunctionExists.c.o   -c /usr/share/cmake-3.5/Modules/CheckFunctionExists.c
Linking C executable cmTC_5c5cc
/usr/bin/cmake -E cmake_link_script CMakeFiles/cmTC_5c5cc.dir/link.txt --verbose=1
/usr/bin/cc   -fPIC -Wno-error=deprecated-declarations -DCHECK_FUNCTION_EXISTS=pthread_create    CMakeFiles/cmTC_5c5cc.dir/CheckFunctionExists.c.o  -o cmTC_5c5cc -rdynamic -lpthreads 
/usr/bin/ld: cannot find -lpthreads
collect2: error: ld returned 1 exit status
CMakeFiles/cmTC_5c5cc.dir/build.make:97: recipe for target 'cmTC_5c5cc' failed
make[1]: *** [cmTC_5c5cc] Error 1
make[1]: Leaving directory '/home/rdiniz/Projects/OpenBASN/bodyhub/build/CMakeFiles/CMakeTmp'
Makefile:126: recipe for target 'cmTC_5c5cc/fast' failed
make: *** [cmTC_5c5cc/fast] Error 2


